0 verbose cli C:\Program Files\nodejs\node.exe C:\Program Files\nodejs\node_modules\npm\bin\npm-cli.js
1 info using npm@11.6.2
2 info using node@v24.12.0
3 silly config load:file:C:\Program Files\nodejs\node_modules\npm\npmrc
4 silly config load:file:C:\Users\PC\Desktop\RPG v2\.npmrc
5 silly config load:file:C:\Users\PC\.npmrc
6 silly config load:file:C:\Users\PC\AppData\Roaming\npm\etc\npmrc
7 verbose title npm install @whiskeysockets/baileys pino
8 verbose argv "install" "@whiskeysockets/baileys" "pino" "--cache" ".npm-cache"
9 verbose logfile logs-max:10 dir:C:\Users\PC\Desktop\RPG v2\.npm-cache\_logs\2026-03-25T02_28_14_575Z-
10 verbose logfile C:\Users\PC\Desktop\RPG v2\.npm-cache\_logs\2026-03-25T02_28_14_575Z-debug-0.log
11 silly logfile done cleaning log files
12 silly packumentCache heap:4496293888 maxSize:1124073472 maxEntrySize:562036736
13 silly idealTree buildDeps
14 silly fetch manifest @whiskeysockets/baileys@*
15 silly packumentCache full:https://registry.npmjs.org/@whiskeysockets%2fbaileys cache-miss
16 http fetch GET 200 https://registry.npmjs.org/@whiskeysockets%2fbaileys 189ms (cache miss)
17 silly packumentCache full:https://registry.npmjs.org/@whiskeysockets%2fbaileys set size:undefined disposed:false
18 silly fetch manifest audio-decode@^2.1.3
19 silly packumentCache full:https://registry.npmjs.org/audio-decode cache-miss
20 http fetch GET 200 https://registry.npmjs.org/audio-decode 105ms (cache miss)
21 silly packumentCache full:https://registry.npmjs.org/audio-decode set size:undefined disposed:false
22 silly fetch manifest jimp@^1.6.0
23 silly packumentCache full:https://registry.npmjs.org/jimp cache-miss
24 http fetch GET 200 https://registry.npmjs.org/npm 408ms
25 http fetch GET 200 https://registry.npmjs.org/jimp 235ms (cache miss)
26 silly packumentCache full:https://registry.npmjs.org/jimp set size:undefined disposed:false
27 silly fetch manifest link-preview-js@^3.0.0
28 silly packumentCache full:https://registry.npmjs.org/link-preview-js cache-miss
29 http fetch GET 200 https://registry.npmjs.org/link-preview-js 76ms (cache miss)
30 silly packumentCache full:https://registry.npmjs.org/link-preview-js set size:undefined disposed:false
31 silly fetch manifest sharp@*
32 silly packumentCache full:https://registry.npmjs.org/sharp cache-miss
33 http fetch GET 200 https://registry.npmjs.org/sharp 124ms (cache miss)
34 silly packumentCache full:https://registry.npmjs.org/sharp set size:undefined disposed:false
35 silly fetch manifest pino@*
36 silly packumentCache full:https://registry.npmjs.org/pino cache-miss
37 http fetch GET 200 https://registry.npmjs.org/pino 477ms (cache miss)
38 silly packumentCache full:https://registry.npmjs.org/pino set size:undefined disposed:false
39 silly placeDep ROOT @whiskeysockets/baileys@7.0.0-rc.9 OK for: rpg-v2@1.0.0 want: *
40 silly placeDep ROOT sharp@0.34.5 OK for: @whiskeysockets/baileys@7.0.0-rc.9 want: *
41 silly placeDep ROOT pino@10.3.1 OK for: rpg-v2@1.0.0 want: *
42 silly fetch manifest @cacheable/node-cache@^1.4.0
43 silly packumentCache full:https://registry.npmjs.org/@cacheable%2fnode-cache cache-miss
44 silly fetch manifest @hapi/boom@^9.1.3
45 silly packumentCache full:https://registry.npmjs.org/@hapi%2fboom cache-miss
46 silly fetch manifest async-mutex@^0.5.0
47 silly packumentCache full:https://registry.npmjs.org/async-mutex cache-miss
48 silly fetch manifest libsignal@git+https://github.com/whiskeysockets/libsignal-node.git
49 silly fetch manifest lru-cache@^11.1.0
50 silly packumentCache full:https://registry.npmjs.org/lru-cache cache-miss
51 silly fetch manifest music-metadata@^11.7.0
52 silly packumentCache full:https://registry.npmjs.org/music-metadata cache-miss
53 silly fetch manifest p-queue@^9.0.0
54 silly packumentCache full:https://registry.npmjs.org/p-queue cache-miss
55 silly fetch manifest pino@^9.6
56 silly packumentCache full:https://registry.npmjs.org/pino cache-miss
57 http cache https://registry.npmjs.org/pino 8ms (cache hit)
58 silly packumentCache full:https://registry.npmjs.org/pino set size:1274379 disposed:false
59 silly fetch manifest protobufjs@^7.2.4
60 silly packumentCache full:https://registry.npmjs.org/protobufjs cache-miss
61 http fetch GET 200 https://registry.npmjs.org/@cacheable%2fnode-cache 182ms (cache miss)
62 silly packumentCache full:https://registry.npmjs.org/@cacheable%2fnode-cache set size:undefined disposed:false
63 silly fetch manifest ws@^8.13.0
64 silly packumentCache full:https://registry.npmjs.org/ws cache-miss
65 http fetch GET 200 https://registry.npmjs.org/@hapi%2fboom 200ms (cache miss)
66 silly packumentCache full:https://registry.npmjs.org/@hapi%2fboom set size:undefined disposed:false
67 silly fetch manifest semver@^7.7.3
68 silly packumentCache full:https://registry.npmjs.org/semver cache-miss
69 http fetch GET 200 https://registry.npmjs.org/async-mutex 334ms (cache miss)
70 silly packumentCache full:https://registry.npmjs.org/async-mutex set size:undefined disposed:false
71 silly fetch manifest @img/colour@^1.0.0
72 silly packumentCache full:https://registry.npmjs.org/@img%2fcolour cache-miss
73 http fetch GET 200 https://registry.npmjs.org/p-queue 333ms (cache miss)
74 silly packumentCache full:https://registry.npmjs.org/p-queue set size:undefined disposed:false
75 silly fetch manifest detect-libc@^2.1.2
76 silly packumentCache full:https://registry.npmjs.org/detect-libc cache-miss
77 http fetch GET 200 https://registry.npmjs.org/ws 161ms (cache miss)
78 silly packumentCache full:https://registry.npmjs.org/ws set size:undefined disposed:false
79 silly fetch manifest @img/sharp-wasm32@0.34.5
80 silly packumentCache full:https://registry.npmjs.org/@img%2fsharp-wasm32 cache-miss
81 http fetch GET 200 https://registry.npmjs.org/semver 324ms (cache miss)
82 silly packumentCache full:https://registry.npmjs.org/semver set size:undefined disposed:false
83 silly fetch manifest @img/sharp-linux-arm@0.34.5
84 silly packumentCache full:https://registry.npmjs.org/@img%2fsharp-linux-arm cache-miss
85 http fetch GET 200 https://registry.npmjs.org/protobufjs 494ms (cache miss)
86 silly packumentCache full:https://registry.npmjs.org/protobufjs set size:undefined disposed:false
87 silly fetch manifest @img/sharp-linux-x64@0.34.5
88 silly packumentCache full:https://registry.npmjs.org/@img%2fsharp-linux-x64 cache-miss
89 http fetch GET 200 https://registry.npmjs.org/detect-libc 220ms (cache miss)
90 silly packumentCache full:https://registry.npmjs.org/detect-libc set size:undefined disposed:false
91 silly fetch manifest @img/sharp-win32-x64@0.34.5
92 silly packumentCache full:https://registry.npmjs.org/@img%2fsharp-win32-x64 cache-miss
93 http fetch GET 200 https://registry.npmjs.org/@img%2fcolour 235ms (cache miss)
94 silly packumentCache full:https://registry.npmjs.org/@img%2fcolour set size:undefined disposed:false
95 silly fetch manifest @img/sharp-darwin-x64@0.34.5
96 silly packumentCache full:https://registry.npmjs.org/@img%2fsharp-darwin-x64 cache-miss
97 http fetch GET 200 https://registry.npmjs.org/lru-cache 600ms (cache miss)
98 silly packumentCache full:https://registry.npmjs.org/lru-cache set size:undefined disposed:false
99 silly fetch manifest @img/sharp-win32-ia32@0.34.5
100 silly packumentCache full:https://registry.npmjs.org/@img%2fsharp-win32-ia32 cache-miss
101 http fetch GET 200 https://registry.npmjs.org/@img%2fsharp-wasm32 262ms (cache miss)
102 silly packumentCache full:https://registry.npmjs.org/@img%2fsharp-wasm32 set size:undefined disposed:false
103 silly fetch manifest @img/sharp-linux-arm64@0.34.5
104 silly packumentCache full:https://registry.npmjs.org/@img%2fsharp-linux-arm64 cache-miss
105 http fetch GET 200 https://registry.npmjs.org/@img%2fsharp-linux-x64 104ms (cache miss)
106 silly packumentCache full:https://registry.npmjs.org/@img%2fsharp-linux-x64 set size:undefined disposed:false
107 silly fetch manifest @img/sharp-linux-ppc64@0.34.5
108 silly packumentCache full:https://registry.npmjs.org/@img%2fsharp-linux-ppc64 cache-miss
109 http fetch GET 200 https://registry.npmjs.org/@img%2fsharp-win32-x64 101ms (cache miss)
110 silly packumentCache full:https://registry.npmjs.org/@img%2fsharp-win32-x64 set size:undefined disposed:false
111 silly fetch manifest @img/sharp-linux-s390x@0.34.5
112 silly packumentCache full:https://registry.npmjs.org/@img%2fsharp-linux-s390x cache-miss
113 http fetch GET 200 https://registry.npmjs.org/@img%2fsharp-linux-arm 144ms (cache miss)
114 silly packumentCache full:https://registry.npmjs.org/@img%2fsharp-linux-arm set size:undefined disposed:false
115 silly fetch manifest @img/sharp-win32-arm64@0.34.5
116 silly packumentCache full:https://registry.npmjs.org/@img%2fsharp-win32-arm64 cache-miss
117 http fetch GET 200 https://registry.npmjs.org/@img%2fsharp-darwin-x64 147ms (cache miss)
118 silly packumentCache full:https://registry.npmjs.org/@img%2fsharp-darwin-x64 set size:undefined disposed:false
119 silly fetch manifest @img/sharp-darwin-arm64@0.34.5
120 silly packumentCache full:https://registry.npmjs.org/@img%2fsharp-darwin-arm64 cache-miss
121 http fetch GET 200 https://registry.npmjs.org/@img%2fsharp-win32-ia32 120ms (cache miss)
122 silly packumentCache full:https://registry.npmjs.org/@img%2fsharp-win32-ia32 set size:undefined disposed:false
123 silly fetch manifest @img/sharp-linux-riscv64@0.34.5
124 silly packumentCache full:https://registry.npmjs.org/@img%2fsharp-linux-riscv64 cache-miss
125 http fetch GET 200 https://registry.npmjs.org/@img%2fsharp-linux-arm64 118ms (cache miss)
126 silly packumentCache full:https://registry.npmjs.org/@img%2fsharp-linux-arm64 set size:undefined disposed:false
127 silly fetch manifest @img/sharp-linuxmusl-x64@0.34.5
128 silly packumentCache full:https://registry.npmjs.org/@img%2fsharp-linuxmusl-x64 cache-miss
129 http fetch GET 200 https://registry.npmjs.org/music-metadata 786ms (cache miss)
130 silly packumentCache full:https://registry.npmjs.org/music-metadata set size:undefined disposed:false
131 silly fetch manifest @img/sharp-linuxmusl-arm64@0.34.5
132 silly packumentCache full:https://registry.npmjs.org/@img%2fsharp-linuxmusl-arm64 cache-miss
133 http fetch GET 200 https://registry.npmjs.org/@img%2fsharp-linux-s390x 140ms (cache miss)
134 silly packumentCache full:https://registry.npmjs.org/@img%2fsharp-linux-s390x set size:undefined disposed:false
135 silly fetch manifest @img/sharp-libvips-linux-arm@1.2.4
136 silly packumentCache full:https://registry.npmjs.org/@img%2fsharp-libvips-linux-arm cache-miss
137 http fetch GET 200 https://registry.npmjs.org/@img%2fsharp-darwin-arm64 84ms (cache miss)
138 silly packumentCache full:https://registry.npmjs.org/@img%2fsharp-darwin-arm64 set size:undefined disposed:false
139 silly fetch manifest @img/sharp-libvips-linux-x64@1.2.4
140 silly packumentCache full:https://registry.npmjs.org/@img%2fsharp-libvips-linux-x64 cache-miss
141 http fetch GET 200 https://registry.npmjs.org/@img%2fsharp-linux-riscv64 90ms (cache miss)
142 silly packumentCache full:https://registry.npmjs.org/@img%2fsharp-linux-riscv64 set size:undefined disposed:false
143 silly fetch manifest @img/sharp-libvips-darwin-x64@1.2.4
144 silly packumentCache full:https://registry.npmjs.org/@img%2fsharp-libvips-darwin-x64 cache-miss
145 http fetch GET 200 https://registry.npmjs.org/@img%2fsharp-linux-ppc64 162ms (cache miss)
146 silly packumentCache full:https://registry.npmjs.org/@img%2fsharp-linux-ppc64 set size:undefined disposed:false
147 silly fetch manifest @img/sharp-libvips-linux-arm64@1.2.4
148 silly packumentCache full:https://registry.npmjs.org/@img%2fsharp-libvips-linux-arm64 cache-miss
149 http fetch GET 200 https://registry.npmjs.org/@img%2fsharp-win32-arm64 149ms (cache miss)
150 silly packumentCache full:https://registry.npmjs.org/@img%2fsharp-win32-arm64 set size:undefined disposed:false
151 silly fetch manifest @img/sharp-libvips-linux-ppc64@1.2.4
152 silly packumentCache full:https://registry.npmjs.org/@img%2fsharp-libvips-linux-ppc64 cache-miss
153 http fetch GET 200 https://registry.npmjs.org/@img%2fsharp-linuxmusl-x64 91ms (cache miss)
154 silly packumentCache full:https://registry.npmjs.org/@img%2fsharp-linuxmusl-x64 set size:undefined disposed:false
155 silly fetch manifest @img/sharp-libvips-linux-s390x@1.2.4
156 silly packumentCache full:https://registry.npmjs.org/@img%2fsharp-libvips-linux-s390x cache-miss
157 http fetch GET 200 https://registry.npmjs.org/@img%2fsharp-libvips-linux-arm 74ms (cache miss)
158 silly packumentCache full:https://registry.npmjs.org/@img%2fsharp-libvips-linux-arm set size:undefined disposed:false
159 silly fetch manifest @img/sharp-libvips-darwin-arm64@1.2.4
160 silly packumentCache full:https://registry.npmjs.org/@img%2fsharp-libvips-darwin-arm64 cache-miss
161 http fetch GET 200 https://registry.npmjs.org/@img%2fsharp-libvips-linux-x64 83ms (cache miss)
162 silly packumentCache full:https://registry.npmjs.org/@img%2fsharp-libvips-linux-x64 set size:undefined disposed:false
163 silly fetch manifest @img/sharp-libvips-linux-riscv64@1.2.4
164 silly packumentCache full:https://registry.npmjs.org/@img%2fsharp-libvips-linux-riscv64 cache-miss
165 http fetch GET 200 https://registry.npmjs.org/@img%2fsharp-linuxmusl-arm64 98ms (cache miss)
166 silly packumentCache full:https://registry.npmjs.org/@img%2fsharp-linuxmusl-arm64 set size:undefined disposed:false
167 silly fetch manifest @img/sharp-libvips-linuxmusl-x64@1.2.4
168 silly packumentCache full:https://registry.npmjs.org/@img%2fsharp-libvips-linuxmusl-x64 cache-miss
169 http fetch GET 200 https://registry.npmjs.org/@img%2fsharp-libvips-linux-ppc64 81ms (cache miss)
170 silly packumentCache full:https://registry.npmjs.org/@img%2fsharp-libvips-linux-ppc64 set size:undefined disposed:false
171 silly fetch manifest @img/sharp-libvips-linuxmusl-arm64@1.2.4
172 silly packumentCache full:https://registry.npmjs.org/@img%2fsharp-libvips-linuxmusl-arm64 cache-miss
173 http fetch GET 200 https://registry.npmjs.org/@img%2fsharp-libvips-linux-arm64 94ms (cache miss)
174 silly packumentCache full:https://registry.npmjs.org/@img%2fsharp-libvips-linux-arm64 set size:undefined disposed:false
175 silly fetch manifest atomic-sleep@^1.0.0
176 silly packumentCache full:https://registry.npmjs.org/atomic-sleep cache-miss
177 http fetch GET 200 https://registry.npmjs.org/@img%2fsharp-libvips-darwin-x64 106ms (cache miss)
178 silly packumentCache full:https://registry.npmjs.org/@img%2fsharp-libvips-darwin-x64 set size:undefined disposed:false
179 silly fetch manifest on-exit-leak-free@^2.1.0
180 silly packumentCache full:https://registry.npmjs.org/on-exit-leak-free cache-miss
181 http fetch GET 200 https://registry.npmjs.org/atomic-sleep 69ms (cache miss)
182 silly packumentCache full:https://registry.npmjs.org/atomic-sleep set size:undefined disposed:false
183 silly fetch manifest pino-abstract-transport@^3.0.0
184 silly packumentCache full:https://registry.npmjs.org/pino-abstract-transport cache-miss
185 http fetch GET 200 https://registry.npmjs.org/on-exit-leak-free 63ms (cache miss)
186 silly packumentCache full:https://registry.npmjs.org/on-exit-leak-free set size:undefined disposed:false
187 silly fetch manifest pino-std-serializers@^7.0.0
188 silly packumentCache full:https://registry.npmjs.org/pino-std-serializers cache-miss
189 http fetch GET 200 https://registry.npmjs.org/@img%2fsharp-libvips-linuxmusl-x64 99ms (cache miss)
190 silly packumentCache full:https://registry.npmjs.org/@img%2fsharp-libvips-linuxmusl-x64 set size:undefined disposed:false
191 silly fetch manifest process-warning@^5.0.0
192 silly packumentCache full:https://registry.npmjs.org/process-warning cache-miss
193 http fetch GET 200 https://registry.npmjs.org/@img%2fsharp-libvips-darwin-arm64 124ms (cache miss)
194 silly packumentCache full:https://registry.npmjs.org/@img%2fsharp-libvips-darwin-arm64 set size:undefined disposed:false
195 silly fetch manifest quick-format-unescaped@^4.0.3
196 silly packumentCache full:https://registry.npmjs.org/quick-format-unescaped cache-miss
197 http fetch GET 200 https://registry.npmjs.org/@img%2fsharp-libvips-linux-s390x 193ms (cache miss)
198 silly packumentCache full:https://registry.npmjs.org/@img%2fsharp-libvips-linux-s390x set size:undefined disposed:false
199 silly fetch manifest real-require@^0.2.0
200 silly packumentCache full:https://registry.npmjs.org/real-require cache-miss
201 http fetch GET 200 https://registry.npmjs.org/@img%2fsharp-libvips-linuxmusl-arm64 117ms (cache miss)
202 silly packumentCache full:https://registry.npmjs.org/@img%2fsharp-libvips-linuxmusl-arm64 set size:undefined disposed:false
203 silly fetch manifest safe-stable-stringify@^2.3.1
204 silly packumentCache full:https://registry.npmjs.org/safe-stable-stringify cache-miss
205 http fetch GET 200 https://registry.npmjs.org/@img%2fsharp-libvips-linux-riscv64 150ms (cache miss)
206 silly packumentCache full:https://registry.npmjs.org/@img%2fsharp-libvips-linux-riscv64 set size:undefined disposed:false
207 silly fetch manifest @pinojs/redact@^0.4.0
208 silly packumentCache full:https://registry.npmjs.org/@pinojs%2fredact cache-miss
209 http fetch GET 200 https://registry.npmjs.org/pino-std-serializers 86ms (cache miss)
210 silly packumentCache full:https://registry.npmjs.org/pino-std-serializers set size:undefined disposed:false
211 silly fetch manifest sonic-boom@^4.0.1
212 silly packumentCache full:https://registry.npmjs.org/sonic-boom cache-miss
213 http fetch GET 200 https://registry.npmjs.org/quick-format-unescaped 81ms (cache miss)
214 silly packumentCache full:https://registry.npmjs.org/quick-format-unescaped set size:undefined disposed:false
215 silly fetch manifest thread-stream@^4.0.0
216 silly packumentCache full:https://registry.npmjs.org/thread-stream cache-miss
217 http fetch GET 200 https://registry.npmjs.org/pino-abstract-transport 107ms (cache miss)
218 silly packumentCache full:https://registry.npmjs.org/pino-abstract-transport set size:undefined disposed:false
219 http fetch GET 200 https://registry.npmjs.org/process-warning 98ms (cache miss)
220 silly packumentCache full:https://registry.npmjs.org/process-warning set size:undefined disposed:false
221 http fetch GET 200 https://registry.npmjs.org/safe-stable-stringify 83ms (cache miss)
222 silly packumentCache full:https://registry.npmjs.org/safe-stable-stringify set size:undefined disposed:false
223 http fetch GET 200 https://registry.npmjs.org/real-require 88ms (cache miss)
224 silly packumentCache full:https://registry.npmjs.org/real-require set size:undefined disposed:false
225 http fetch GET 200 https://registry.npmjs.org/@pinojs%2fredact 69ms (cache miss)
226 silly packumentCache full:https://registry.npmjs.org/@pinojs%2fredact set size:undefined disposed:false
227 http fetch GET 200 https://registry.npmjs.org/thread-stream 130ms (cache miss)
228 silly packumentCache full:https://registry.npmjs.org/thread-stream set size:undefined disposed:false
229 http fetch GET 200 https://registry.npmjs.org/sonic-boom 150ms (cache miss)
230 silly packumentCache full:https://registry.npmjs.org/sonic-boom set size:undefined disposed:false
231 silly fetch manifest libsignal@git+https://github.com/whiskeysockets/libsignal-node.git
232 silly fetch manifest bufferutil@^4.0.1
233 silly packumentCache full:https://registry.npmjs.org/bufferutil cache-miss
234 http fetch GET 200 https://registry.npmjs.org/bufferutil 75ms (cache miss)
235 silly packumentCache full:https://registry.npmjs.org/bufferutil set size:undefined disposed:false
236 silly fetch manifest utf-8-validate@>=5.0.2
237 silly packumentCache full:https://registry.npmjs.org/utf-8-validate cache-miss
238 http fetch GET 200 https://registry.npmjs.org/utf-8-validate 70ms (cache miss)
239 silly packumentCache full:https://registry.npmjs.org/utf-8-validate set size:undefined disposed:false
240 silly placeDep ROOT @cacheable/node-cache@1.7.6 OK for: @whiskeysockets/baileys@7.0.0-rc.9 want: ^1.4.0
241 silly placeDep ROOT @hapi/boom@9.1.4 OK for: @whiskeysockets/baileys@7.0.0-rc.9 want: ^9.1.3
242 silly placeDep ROOT async-mutex@0.5.0 OK for: @whiskeysockets/baileys@7.0.0-rc.9 want: ^0.5.0
243 silly placeDep node_modules/@whiskeysockets/baileys libsignal@ OK for: @whiskeysockets/baileys@7.0.0-rc.9 want: git+https://github.com/whiskeysockets/libsignal-node.git
244 silly placeDep ROOT lru-cache@11.2.7 OK for: @whiskeysockets/baileys@7.0.0-rc.9 want: ^11.1.0
245 silly placeDep ROOT music-metadata@11.12.3 OK for: @whiskeysockets/baileys@7.0.0-rc.9 want: ^11.7.0
246 silly placeDep ROOT p-queue@9.1.0 OK for: @whiskeysockets/baileys@7.0.0-rc.9 want: ^9.0.0
247 silly placeDep node_modules/@whiskeysockets/baileys pino@9.14.0 OK for: @whiskeysockets/baileys@7.0.0-rc.9 want: ^9.6
248 silly placeDep ROOT protobufjs@7.5.4 OK for: @whiskeysockets/baileys@7.0.0-rc.9 want: ^7.2.4
249 silly placeDep ROOT ws@8.20.0 OK for: @whiskeysockets/baileys@7.0.0-rc.9 want: ^8.13.0
250 silly fetch manifest keyv@^5.5.5
251 silly packumentCache full:https://registry.npmjs.org/keyv cache-miss
252 silly fetch manifest cacheable@^2.3.1
253 silly packumentCache full:https://registry.npmjs.org/cacheable cache-miss
254 silly fetch manifest hookified@^1.14.0
255 silly packumentCache full:https://registry.npmjs.org/hookified cache-miss
256 silly fetch manifest @hapi/hoek@9.x.x
257 silly packumentCache full:https://registry.npmjs.org/@hapi%2fhoek cache-miss
258 silly fetch manifest tslib@^2.4.0
259 silly packumentCache full:https://registry.npmjs.org/tslib cache-miss
260 silly fetch manifest debug@^4.4.3
261 silly packumentCache full:https://registry.npmjs.org/debug cache-miss
262 silly fetch manifest strtok3@^10.3.4
263 silly packumentCache full:https://registry.npmjs.org/strtok3 cache-miss
264 http fetch GET 200 https://registry.npmjs.org/hookified 83ms (cache miss)
265 silly packumentCache full:https://registry.npmjs.org/hookified set size:undefined disposed:false
266 silly fetch manifest win-guid@^0.2.1
267 silly packumentCache full:https://registry.npmjs.org/win-guid cache-miss
268 http fetch GET 200 https://registry.npmjs.org/tslib 104ms (cache miss)
269 silly packumentCache full:https://registry.npmjs.org/tslib set size:undefined disposed:false
270 silly fetch manifest file-type@^21.3.1
271 silly packumentCache full:https://registry.npmjs.org/file-type cache-miss
272 http fetch GET 200 https://registry.npmjs.org/cacheable 122ms (cache miss)
273 silly packumentCache full:https://registry.npmjs.org/cacheable set size:undefined disposed:false
274 silly fetch manifest media-typer@^1.1.0
275 silly packumentCache full:https://registry.npmjs.org/media-typer cache-miss
276 http fetch GET 200 https://registry.npmjs.org/debug 129ms (cache miss)
277 silly packumentCache full:https://registry.npmjs.org/debug set size:undefined disposed:false
278 silly fetch manifest token-types@^6.1.2
279 silly packumentCache full:https://registry.npmjs.org/token-types cache-miss
280 http fetch GET 200 https://registry.npmjs.org/@hapi%2fhoek 185ms (cache miss)
281 silly packumentCache full:https://registry.npmjs.org/@hapi%2fhoek set size:undefined disposed:false
282 silly fetch manifest content-type@^1.0.5
283 silly packumentCache full:https://registry.npmjs.org/content-type cache-miss
284 http fetch GET 200 https://registry.npmjs.org/keyv 201ms (cache miss)
285 silly packumentCache full:https://registry.npmjs.org/keyv set size:undefined disposed:false
286 silly fetch manifest @tokenizer/token@^0.3.0
287 silly packumentCache full:https://registry.npmjs.org/@tokenizer%2ftoken cache-miss
288 http fetch GET 200 https://registry.npmjs.org/strtok3 242ms (cache miss)
289 silly packumentCache full:https://registry.npmjs.org/strtok3 set size:undefined disposed:false
290 silly fetch manifest uint8array-extras@^1.5.0
291 silly packumentCache full:https://registry.npmjs.org/uint8array-extras cache-miss
292 http fetch GET 200 https://registry.npmjs.org/win-guid 170ms (cache miss)
293 silly packumentCache full:https://registry.npmjs.org/win-guid set size:undefined disposed:false
294 silly fetch manifest @borewit/text-codec@^0.2.2
295 silly packumentCache full:https://registry.npmjs.org/@borewit%2ftext-codec cache-miss
296 http fetch GET 200 https://registry.npmjs.org/media-typer 173ms (cache miss)
297 silly packumentCache full:https://registry.npmjs.org/media-typer set size:undefined disposed:false
298 silly fetch manifest eventemitter3@^5.0.1
299 silly packumentCache full:https://registry.npmjs.org/eventemitter3 cache-miss
300 http fetch GET 200 https://registry.npmjs.org/content-type 121ms (cache miss)
301 silly packumentCache full:https://registry.npmjs.org/content-type set size:undefined disposed:false
302 silly fetch manifest p-timeout@^7.0.0
303 silly packumentCache full:https://registry.npmjs.org/p-timeout cache-miss
304 http fetch GET 200 https://registry.npmjs.org/token-types 184ms (cache miss)
305 silly packumentCache full:https://registry.npmjs.org/token-types set size:undefined disposed:false
306 silly fetch manifest thread-stream@^3.0.0
307 silly packumentCache full:https://registry.npmjs.org/thread-stream cache-miss
308 http fetch GET 200 https://registry.npmjs.org/@tokenizer%2ftoken 118ms (cache miss)
309 silly packumentCache full:https://registry.npmjs.org/@tokenizer%2ftoken set size:undefined disposed:false
310 silly fetch manifest pino-abstract-transport@^2.0.0
311 silly packumentCache full:https://registry.npmjs.org/pino-abstract-transport cache-miss
312 http cache https://registry.npmjs.org/thread-stream 6ms (cache hit)
313 silly packumentCache full:https://registry.npmjs.org/thread-stream set size:127672 disposed:false
314 silly fetch manifest long@^5.0.0
315 silly packumentCache full:https://registry.npmjs.org/long cache-miss
316 http cache https://registry.npmjs.org/pino-abstract-transport 6ms (cache hit)
317 silly packumentCache full:https://registry.npmjs.org/pino-abstract-transport set size:28687 disposed:false
318 silly fetch manifest @types/node@>=13.7.0
319 silly packumentCache full:https://registry.npmjs.org/@types%2fnode cache-miss
320 http fetch GET 200 https://registry.npmjs.org/file-type 271ms (cache miss)
321 silly packumentCache full:https://registry.npmjs.org/file-type set size:undefined disposed:false
322 silly fetch manifest @protobufjs/path@^1.1.2
323 silly packumentCache full:https://registry.npmjs.org/@protobufjs%2fpath cache-miss
324 http fetch GET 200 https://registry.npmjs.org/uint8array-extras 154ms (cache miss)
325 silly packumentCache full:https://registry.npmjs.org/uint8array-extras set size:undefined disposed:false
326 silly fetch manifest @protobufjs/pool@^1.1.0
327 silly packumentCache full:https://registry.npmjs.org/@protobufjs%2fpool cache-miss
328 http fetch GET 200 https://registry.npmjs.org/p-timeout 93ms (cache miss)
329 silly packumentCache full:https://registry.npmjs.org/p-timeout set size:undefined disposed:false
330 silly fetch manifest @protobufjs/utf8@^1.1.0
331 silly packumentCache full:https://registry.npmjs.org/@protobufjs%2futf8 cache-miss
332 http fetch GET 200 https://registry.npmjs.org/long 88ms (cache miss)
333 silly packumentCache full:https://registry.npmjs.org/long set size:undefined disposed:false
334 silly fetch manifest @protobufjs/fetch@^1.1.0
335 silly packumentCache full:https://registry.npmjs.org/@protobufjs%2ffetch cache-miss
336 http fetch GET 200 https://registry.npmjs.org/eventemitter3 123ms (cache miss)
337 silly packumentCache full:https://registry.npmjs.org/eventemitter3 set size:undefined disposed:false
338 silly fetch manifest @protobufjs/float@^1.0.2
339 silly packumentCache full:https://registry.npmjs.org/@protobufjs%2ffloat cache-miss
340 http fetch GET 200 https://registry.npmjs.org/@borewit%2ftext-codec 171ms (cache miss)
341 silly packumentCache full:https://registry.npmjs.org/@borewit%2ftext-codec set size:undefined disposed:false
342 silly fetch manifest @protobufjs/base64@^1.1.2
343 silly packumentCache full:https://registry.npmjs.org/@protobufjs%2fbase64 cache-miss
344 http fetch GET 200 https://registry.npmjs.org/@protobufjs%2fbase64 64ms (cache miss)
345 silly packumentCache full:https://registry.npmjs.org/@protobufjs%2fbase64 set size:undefined disposed:false
346 silly fetch manifest @protobufjs/codegen@^2.0.4
347 silly packumentCache full:https://registry.npmjs.org/@protobufjs%2fcodegen cache-miss
348 http fetch GET 200 https://registry.npmjs.org/@protobufjs%2fpool 101ms (cache miss)
349 silly packumentCache full:https://registry.npmjs.org/@protobufjs%2fpool set size:undefined disposed:false
350 silly fetch manifest @protobufjs/inquire@^1.1.0
351 silly packumentCache full:https://registry.npmjs.org/@protobufjs%2finquire cache-miss
352 http fetch GET 200 https://registry.npmjs.org/@protobufjs%2futf8 102ms (cache miss)
353 silly packumentCache full:https://registry.npmjs.org/@protobufjs%2futf8 set size:undefined disposed:false
354 silly fetch manifest @protobufjs/aspromise@^1.1.2
355 silly packumentCache full:https://registry.npmjs.org/@protobufjs%2faspromise cache-miss
356 http fetch GET 200 https://registry.npmjs.org/@protobufjs%2ffloat 84ms (cache miss)
357 silly packumentCache full:https://registry.npmjs.org/@protobufjs%2ffloat set size:undefined disposed:false
358 silly fetch manifest @protobufjs/eventemitter@^1.1.0
359 silly packumentCache full:https://registry.npmjs.org/@protobufjs%2feventemitter cache-miss
360 http fetch GET 200 https://registry.npmjs.org/@protobufjs%2fpath 129ms (cache miss)
361 silly packumentCache full:https://registry.npmjs.org/@protobufjs%2fpath set size:undefined disposed:false
362 http fetch GET 200 https://registry.npmjs.org/@protobufjs%2ffetch 95ms (cache miss)
363 silly packumentCache full:https://registry.npmjs.org/@protobufjs%2ffetch set size:undefined disposed:false
364 http fetch GET 200 https://registry.npmjs.org/@protobufjs%2fcodegen 57ms (cache miss)
365 silly packumentCache full:https://registry.npmjs.org/@protobufjs%2fcodegen set size:undefined disposed:false
366 http fetch GET 200 https://registry.npmjs.org/@protobufjs%2finquire 57ms (cache miss)
367 silly packumentCache full:https://registry.npmjs.org/@protobufjs%2finquire set size:undefined disposed:false
368 http fetch GET 200 https://registry.npmjs.org/@protobufjs%2faspromise 64ms (cache miss)
369 silly packumentCache full:https://registry.npmjs.org/@protobufjs%2faspromise set size:undefined disposed:false
370 http fetch GET 200 https://registry.npmjs.org/@protobufjs%2feventemitter 71ms (cache miss)
371 silly packumentCache full:https://registry.npmjs.org/@protobufjs%2feventemitter set size:undefined disposed:false
372 http fetch GET 200 https://registry.npmjs.org/@types%2fnode 1192ms (cache miss)
373 silly packumentCache full:https://registry.npmjs.org/@types%2fnode set size:undefined disposed:false
374 silly placeDep ROOT cacheable@2.3.4 OK for: @cacheable/node-cache@1.7.6 want: ^2.3.1
375 silly placeDep ROOT hookified@1.15.1 OK for: @cacheable/node-cache@1.7.6 want: ^1.14.0
376 silly placeDep ROOT keyv@5.6.0 OK for: @cacheable/node-cache@1.7.6 want: ^5.5.5
377 silly fetch manifest hookified@^1.15.0
378 silly packumentCache full:https://registry.npmjs.org/hookified cache-miss
379 silly fetch manifest keyv@^5.6.0
380 silly packumentCache full:https://registry.npmjs.org/keyv cache-miss
381 silly fetch manifest qified@^0.9.0
382 silly packumentCache full:https://registry.npmjs.org/qified cache-miss
383 silly fetch manifest @cacheable/utils@^2.4.0
384 silly packumentCache full:https://registry.npmjs.org/@cacheable%2futils cache-miss
385 silly fetch manifest @cacheable/memory@^2.0.8
386 silly packumentCache full:https://registry.npmjs.org/@cacheable%2fmemory cache-miss
387 silly fetch manifest @keyv/serialize@^1.1.1
388 silly packumentCache full:https://registry.npmjs.org/@keyv%2fserialize cache-miss
389 http cache https://registry.npmjs.org/hookified 9ms (cache hit)
390 silly packumentCache full:https://registry.npmjs.org/hookified set size:140339 disposed:false
391 http cache https://registry.npmjs.org/keyv 10ms (cache hit)
392 silly packumentCache full:https://registry.npmjs.org/keyv set size:215840 disposed:false
393 http fetch GET 200 https://registry.npmjs.org/qified 55ms (cache miss)
394 silly packumentCache full:https://registry.npmjs.org/qified set size:undefined disposed:false
395 http fetch GET 200 https://registry.npmjs.org/@keyv%2fserialize 61ms (cache miss)
396 silly packumentCache full:https://registry.npmjs.org/@keyv%2fserialize set size:undefined disposed:false
397 http fetch GET 200 https://registry.npmjs.org/@cacheable%2fmemory 64ms (cache miss)
398 silly packumentCache full:https://registry.npmjs.org/@cacheable%2fmemory set size:undefined disposed:false
399 http fetch GET 200 https://registry.npmjs.org/@cacheable%2futils 69ms (cache miss)
400 silly packumentCache full:https://registry.npmjs.org/@cacheable%2futils set size:undefined disposed:false
401 silly placeDep ROOT @hapi/hoek@9.3.0 OK for: @hapi/boom@9.1.4 want: 9.x.x
402 silly placeDep ROOT tslib@2.8.1 OK for: async-mutex@0.5.0 want: ^2.4.0
403 silly placeDep ROOT @cacheable/memory@2.0.8 OK for: cacheable@2.3.4 want: ^2.0.8
404 silly placeDep ROOT @cacheable/utils@2.4.0 OK for: cacheable@2.3.4 want: ^2.4.0
405 silly placeDep ROOT qified@0.9.0 OK for: cacheable@2.3.4 want: ^0.9.0
406 silly fetch manifest @keyv/bigmap@^1.3.1
407 silly packumentCache full:https://registry.npmjs.org/@keyv%2fbigmap cache-miss
408 silly fetch manifest hashery@^1.5.0
409 silly packumentCache full:https://registry.npmjs.org/hashery cache-miss
410 silly fetch manifest hookified@^2.1.0
411 silly packumentCache full:https://registry.npmjs.org/hookified cache-hit
412 http fetch GET 200 https://registry.npmjs.org/hashery 76ms (cache miss)
413 silly packumentCache full:https://registry.npmjs.org/hashery set size:undefined disposed:false
414 http fetch GET 200 https://registry.npmjs.org/@keyv%2fbigmap 87ms (cache miss)
415 silly packumentCache full:https://registry.npmjs.org/@keyv%2fbigmap set size:undefined disposed:false
416 silly placeDep ROOT @keyv/bigmap@1.3.1 OK for: @cacheable/memory@2.0.8 want: ^1.3.1
417 silly fetch manifest hashery@^1.4.0
418 silly packumentCache full:https://registry.npmjs.org/hashery cache-miss
419 http cache https://registry.npmjs.org/hashery 4ms (cache hit)
420 silly packumentCache full:https://registry.npmjs.org/hashery set size:69673 disposed:false
421 silly placeDep ROOT hashery@1.5.1 OK for: @cacheable/utils@2.4.0 want: ^1.5.0
422 silly placeDep ROOT @keyv/serialize@1.1.1 OK for: keyv@5.6.0 want: ^1.1.1
423 silly placeDep ROOT @borewit/text-codec@0.2.2 OK for: music-metadata@11.12.3 want: ^0.2.2
424 silly placeDep ROOT @tokenizer/token@0.3.0 OK for: music-metadata@11.12.3 want: ^0.3.0
425 silly placeDep ROOT content-type@1.0.5 OK for: music-metadata@11.12.3 want: ^1.0.5
426 silly placeDep ROOT debug@4.4.3 OK for: music-metadata@11.12.3 want: ^4.4.3
427 silly placeDep ROOT file-type@21.3.4 OK for: music-metadata@11.12.3 want: ^21.3.1
428 silly placeDep ROOT media-typer@1.1.0 OK for: music-metadata@11.12.3 want: ^1.1.0
429 silly placeDep ROOT strtok3@10.3.5 OK for: music-metadata@11.12.3 want: ^10.3.4
430 silly placeDep ROOT token-types@6.1.2 OK for: music-metadata@11.12.3 want: ^6.1.2
431 silly placeDep ROOT uint8array-extras@1.5.0 OK for: music-metadata@11.12.3 want: ^1.5.0
432 silly placeDep ROOT win-guid@0.2.1 OK for: music-metadata@11.12.3 want: ^0.2.1
433 silly fetch manifest ms@^2.1.3
434 silly packumentCache full:https://registry.npmjs.org/ms cache-miss
435 silly fetch manifest @tokenizer/inflate@^0.4.1
436 silly packumentCache full:https://registry.npmjs.org/@tokenizer%2finflate cache-miss
437 silly fetch manifest token-types@^6.1.1
438 silly packumentCache full:https://registry.npmjs.org/token-types cache-miss
439 silly fetch manifest uint8array-extras@^1.4.0
440 silly packumentCache full:https://registry.npmjs.org/uint8array-extras cache-miss
441 silly fetch manifest ieee754@^1.2.1
442 silly packumentCache full:https://registry.npmjs.org/ieee754 cache-miss
443 http cache https://registry.npmjs.org/token-types 7ms (cache hit)
444 silly packumentCache full:https://registry.npmjs.org/token-types set size:155133 disposed:false
445 http cache https://registry.npmjs.org/uint8array-extras 9ms (cache hit)
446 silly packumentCache full:https://registry.npmjs.org/uint8array-extras set size:36606 disposed:false
447 http fetch GET 200 https://registry.npmjs.org/ieee754 314ms (cache miss)
448 silly packumentCache full:https://registry.npmjs.org/ieee754 set size:undefined disposed:false
449 http fetch GET 200 https://registry.npmjs.org/ms 355ms (cache miss)
450 silly packumentCache full:https://registry.npmjs.org/ms set size:undefined disposed:false
451 http fetch GET 200 https://registry.npmjs.org/@tokenizer%2finflate 361ms (cache miss)
452 silly packumentCache full:https://registry.npmjs.org/@tokenizer%2finflate set size:undefined disposed:false
453 silly placeDep ROOT ms@2.1.3 OK for: debug@4.4.3 want: ^2.1.3
454 silly placeDep ROOT @tokenizer/inflate@0.4.1 OK for: file-type@21.3.4 want: ^0.4.1
455 silly placeDep ROOT eventemitter3@5.0.4 OK for: p-queue@9.1.0 want: ^5.0.1
456 silly placeDep ROOT p-timeout@7.0.1 OK for: p-queue@9.1.0 want: ^7.0.0
457 silly placeDep ROOT @pinojs/redact@0.4.0 OK for: pino@10.3.1 want: ^0.4.0
458 silly placeDep ROOT atomic-sleep@1.0.0 OK for: pino@10.3.1 want: ^1.0.0
459 silly placeDep ROOT on-exit-leak-free@2.1.2 OK for: pino@10.3.1 want: ^2.1.0
460 silly placeDep ROOT pino-abstract-transport@3.0.0 OK for: pino@10.3.1 want: ^3.0.0
461 silly placeDep ROOT pino-std-serializers@7.1.0 OK for: pino@10.3.1 want: ^7.0.0
462 silly placeDep ROOT process-warning@5.0.0 OK for: pino@10.3.1 want: ^5.0.0
463 silly placeDep ROOT quick-format-unescaped@4.0.4 OK for: pino@10.3.1 want: ^4.0.3
464 silly placeDep ROOT real-require@0.2.0 OK for: pino@10.3.1 want: ^0.2.0
465 silly placeDep ROOT safe-stable-stringify@2.5.0 OK for: pino@10.3.1 want: ^2.3.1
466 silly placeDep ROOT sonic-boom@4.2.1 OK for: pino@10.3.1 want: ^4.0.1
467 silly placeDep ROOT thread-stream@4.0.0 OK for: pino@10.3.1 want: ^4.0.0
468 silly fetch manifest split2@^4.0.0
469 silly packumentCache full:https://registry.npmjs.org/split2 cache-miss
470 http fetch GET 200 https://registry.npmjs.org/split2 87ms (cache miss)
471 silly packumentCache full:https://registry.npmjs.org/split2 set size:undefined disposed:false
472 silly placeDep ROOT split2@4.2.0 OK for: pino-abstract-transport@3.0.0 want: ^4.0.0
473 silly placeDep ROOT @protobufjs/aspromise@1.1.2 OK for: protobufjs@7.5.4 want: ^1.1.2
474 silly placeDep ROOT @protobufjs/base64@1.1.2 OK for: protobufjs@7.5.4 want: ^1.1.2
475 silly placeDep ROOT @protobufjs/codegen@2.0.4 OK for: protobufjs@7.5.4 want: ^2.0.4
476 silly placeDep ROOT @protobufjs/eventemitter@1.1.0 OK for: protobufjs@7.5.4 want: ^1.1.0
477 silly placeDep ROOT @protobufjs/fetch@1.1.0 OK for: protobufjs@7.5.4 want: ^1.1.0
478 silly placeDep ROOT @protobufjs/float@1.0.2 OK for: protobufjs@7.5.4 want: ^1.0.2
479 silly placeDep ROOT @protobufjs/inquire@1.1.0 OK for: protobufjs@7.5.4 want: ^1.1.0
480 silly placeDep ROOT @protobufjs/path@1.1.2 OK for: protobufjs@7.5.4 want: ^1.1.2
481 silly placeDep ROOT @protobufjs/pool@1.1.0 OK for: protobufjs@7.5.4 want: ^1.1.0
482 silly placeDep ROOT @protobufjs/utf8@1.1.0 OK for: protobufjs@7.5.4 want: ^1.1.0
483 silly placeDep ROOT @types/node@25.5.0 OK for: protobufjs@7.5.4 want: >=13.7.0
484 silly placeDep ROOT long@5.3.2 OK for: protobufjs@7.5.4 want: ^5.0.0
485 silly fetch manifest undici-types@~7.18.0
486 silly packumentCache full:https://registry.npmjs.org/undici-types cache-miss
487 http fetch GET 200 https://registry.npmjs.org/undici-types 100ms (cache miss)
488 silly packumentCache full:https://registry.npmjs.org/undici-types set size:undefined disposed:false
489 silly placeDep ROOT undici-types@7.18.2 OK for: @types/node@25.5.0 want: ~7.18.0
490 silly placeDep node_modules/qified hookified@2.1.0 OK for: qified@0.9.0 want: ^2.1.0
491 silly placeDep ROOT @img/colour@1.1.0 OK for: sharp@0.34.5 want: ^1.0.0
492 silly placeDep ROOT @img/sharp-darwin-arm64@0.34.5 OK for: sharp@0.34.5 want: 0.34.5
493 silly placeDep ROOT @img/sharp-darwin-x64@0.34.5 OK for: sharp@0.34.5 want: 0.34.5
494 silly placeDep ROOT @img/sharp-libvips-darwin-arm64@1.2.4 OK for: sharp@0.34.5 want: 1.2.4
495 silly placeDep ROOT @img/sharp-libvips-darwin-x64@1.2.4 OK for: sharp@0.34.5 want: 1.2.4
496 silly placeDep ROOT @img/sharp-libvips-linux-arm@1.2.4 OK for: sharp@0.34.5 want: 1.2.4
497 silly placeDep ROOT @img/sharp-libvips-linux-arm64@1.2.4 OK for: sharp@0.34.5 want: 1.2.4
498 silly placeDep ROOT @img/sharp-libvips-linux-ppc64@1.2.4 OK for: sharp@0.34.5 want: 1.2.4
499 silly placeDep ROOT @img/sharp-libvips-linux-riscv64@1.2.4 OK for: sharp@0.34.5 want: 1.2.4
500 silly placeDep ROOT @img/sharp-libvips-linux-s390x@1.2.4 OK for: sharp@0.34.5 want: 1.2.4
501 silly placeDep ROOT @img/sharp-libvips-linux-x64@1.2.4 OK for: sharp@0.34.5 want: 1.2.4
502 silly placeDep ROOT @img/sharp-libvips-linuxmusl-arm64@1.2.4 OK for: sharp@0.34.5 want: 1.2.4
503 silly placeDep ROOT @img/sharp-libvips-linuxmusl-x64@1.2.4 OK for: sharp@0.34.5 want: 1.2.4
504 silly placeDep ROOT @img/sharp-linux-arm@0.34.5 OK for: sharp@0.34.5 want: 0.34.5
505 silly placeDep ROOT @img/sharp-linux-arm64@0.34.5 OK for: sharp@0.34.5 want: 0.34.5
506 silly placeDep ROOT @img/sharp-linux-ppc64@0.34.5 OK for: sharp@0.34.5 want: 0.34.5
507 silly placeDep ROOT @img/sharp-linux-riscv64@0.34.5 OK for: sharp@0.34.5 want: 0.34.5
508 silly placeDep ROOT @img/sharp-linux-s390x@0.34.5 OK for: sharp@0.34.5 want: 0.34.5
509 silly placeDep ROOT @img/sharp-linux-x64@0.34.5 OK for: sharp@0.34.5 want: 0.34.5
510 silly placeDep ROOT @img/sharp-linuxmusl-arm64@0.34.5 OK for: sharp@0.34.5 want: 0.34.5
511 silly placeDep ROOT @img/sharp-linuxmusl-x64@0.34.5 OK for: sharp@0.34.5 want: 0.34.5
512 silly placeDep ROOT @img/sharp-wasm32@0.34.5 OK for: sharp@0.34.5 want: 0.34.5
513 silly placeDep ROOT @img/sharp-win32-arm64@0.34.5 OK for: sharp@0.34.5 want: 0.34.5
514 silly placeDep ROOT @img/sharp-win32-ia32@0.34.5 OK for: sharp@0.34.5 want: 0.34.5
515 silly placeDep ROOT @img/sharp-win32-x64@0.34.5 OK for: sharp@0.34.5 want: 0.34.5
516 silly placeDep ROOT detect-libc@2.1.2 OK for: sharp@0.34.5 want: ^2.1.2
517 silly placeDep ROOT semver@7.7.4 OK for: sharp@0.34.5 want: ^7.7.3
518 silly fetch manifest @emnapi/runtime@^1.7.0
519 silly packumentCache full:https://registry.npmjs.org/@emnapi%2fruntime cache-miss
520 http fetch GET 200 https://registry.npmjs.org/@emnapi%2fruntime 104ms (cache miss)
521 silly packumentCache full:https://registry.npmjs.org/@emnapi%2fruntime set size:undefined disposed:false
522 silly placeDep ROOT @emnapi/runtime@1.9.1 OK for: @img/sharp-wasm32@0.34.5 want: ^1.7.0
523 silly placeDep ROOT ieee754@1.2.1 OK for: token-types@6.1.2 want: ^1.2.1
524 silly placeDep node_modules/@whiskeysockets/baileys pino-abstract-transport@2.0.0 OK for: pino@9.14.0 want: ^2.0.0
525 silly placeDep node_modules/@whiskeysockets/baileys thread-stream@3.1.0 OK for: pino@9.14.0 want: ^3.0.0
526 verbose stack Error: spawn EPERM
526 verbose stack     at ChildProcess.spawn (node:internal/child_process:421:11)
526 verbose stack     at spawn (node:child_process:796:9)
526 verbose stack     at promiseSpawn (C:\Program Files\nodejs\node_modules\npm\node_modules\@npmcli\promise-spawn\lib\index.js:39:16)
526 verbose stack     at C:\Program Files\nodejs\node_modules\npm\node_modules\@npmcli\git\lib\spawn.js:35:12
526 verbose stack     at C:\Program Files\nodejs\node_modules\npm\node_modules\promise-retry\index.js:29:24
526 verbose stack     at async module.exports (C:\Program Files\nodejs\node_modules\npm\node_modules\@npmcli\git\lib\revs.js:18:22)
527 error code EPERM
528 error syscall spawn
529 error errno -4048
530 error Error: spawn EPERM
530 error     at ChildProcess.spawn (node:internal/child_process:421:11)
530 error     at spawn (node:child_process:796:9)
530 error     at promiseSpawn (C:\Program Files\nodejs\node_modules\npm\node_modules\@npmcli\promise-spawn\lib\index.js:39:16)
530 error     at C:\Program Files\nodejs\node_modules\npm\node_modules\@npmcli\git\lib\spawn.js:35:12
530 error     at C:\Program Files\nodejs\node_modules\npm\node_modules\promise-retry\index.js:29:24
530 error     at async module.exports (C:\Program Files\nodejs\node_modules\npm\node_modules\@npmcli\git\lib\revs.js:18:22) {
530 error   errno: -4048,
530 error   code: 'EPERM',
530 error   syscall: 'spawn',
530 error   requiredBy: 'node_modules/@whiskeysockets/baileys'
530 error }
531 error
531 error The operation was rejected by your operating system.
531 error It's possible that the file was already in use (by a text editor or antivirus),
531 error or that you lack permissions to access it.
531 error
531 error If you believe this might be a permissions issue, please double-check the
531 error permissions of the file and its containing directories, or try running
531 error the command again as root/Administrator.
532 silly unfinished npm timer reify 1774405695298
533 silly unfinished npm timer reify:loadTrees 1774405695300
534 verbose cwd C:\Users\PC\Desktop\RPG v2
535 verbose os Windows_NT 10.0.19045
536 verbose node v24.12.0
537 verbose npm  v11.6.2
538 notice
538 notice New minor version of npm available! 11.6.2 -> 11.12.0
538 notice Changelog: https://github.com/npm/cli/releases/tag/v11.12.0
538 notice To update run: npm install -g npm@11.12.0
538 notice  { force: true, Symbol(proc-log.meta): true }
539 verbose exit -4048
540 verbose code -4048
541 error A complete log of this run can be found in: C:\Users\PC\Desktop\RPG v2\.npm-cache\_logs\2026-03-25T02_28_14_575Z-debug-0.log
